<?xml version="1.0" encoding="UTF-8"?>
<testsuite xmlns:xsi="http://www.w3.org/2001/XMLSchema-instance" xsi:schemaLocation="https://maven.apache.org/surefire/maven-surefire-plugin/xsd/surefire-test-report.xsd" name="CambioMonedaTest" time="6.285" tests="1" errors="0" skipped="0" failures="1">
  <properties>
[...]
</properties>
  <testcase name="googleTest" classname="CambioMonedaTest" time="6.282">
    <failure message="El resultado no es correcto ==&gt; expected: &lt;149.70&gt; but was: &lt;147.05&gt;" type="org.opentest4j.AssertionFailedError"><![CDATA[org.opentest4j.AssertionFailedError: El resultado no es correcto ==> expected: <149.70> but was: <147.05>
	at CambioMonedaTest.googleTest(CambioMonedaTest.java:23)
]]></failure>
    <system-err><![CDATA[Starting ChromeDriver 2.37.544315 (730aa6a5fdba159ac9f4c1e8cbc59bf1b5ce12b7) on port 25538
Only local connections are allowed.
jun 05, 2018 4:17:24 PM org.openqa.selenium.remote.ProtocolHandshake createSession
INFORMACIÓN: Detected dialect: OSS
]]></system-err>
  </testcase>
</testsuite>